This is pdfTeX, Version 3.141592653-2.6-1.40.27 (TeX Live 2026/dev/Arch Linux) (preloaded format=latex 2025.4.18)  18 APR 2025 10:53
entering extended mode
 restricted \write18 enabled.
 %&-line parsing enabled.
**H
(./file_handler/file_handler.c
LaTeX2e <2024-11-01> patch level 2
L3 programming layer <2025-01-18>
! You can't use `macro parameter character #' in vertical mode.
l.1 #
     include "file_handler.h"
? H
Sorry, but I'm not programmed to handle this case;
I'll just pretend that you didn't ask for it.
If you're in the wrong mode, you might be able to
return to the right one by typing `I}' or `I$' or `I\par'.

? I
insert>aisd

! LaTeX Error: Missing \begin{document}.

See the LaTeX manual or LaTeX Companion for explanation.
Type  H <return>  for immediate help.
 ...                                              
                                                  
l.1 #
     include "file_handler.h"
? ^^X^^H
Type <return> to proceed, S to scroll future error messages,
R to run without stopping, Q to run quietly,
I to insert something, E to edit your file,
1 or ... or 9 to ignore the next 1 to 9 tokens of input,
H for help, X to quit.
? H
You're in trouble here.  Try typing  <return>  to proceed.
If that doesn't work, type  X <return>  to quit.
? X
 
Here is how much of TeX's memory you used:
 18 strings out of 475172
 554 string characters out of 5767121
 386842 words of memory out of 5000000
 23111 multiletter control sequences out of 15000+600000
 558837 words of font info for 36 fonts, out of 8000000 for 9000
 14 hyphenation exceptions out of 8191
 16i,0n,18p,66b,14s stack positions out of 10000i,1000n,20000p,200000b,200000s
No pages of output.
